2025-01-23 14:22:27.709 | INFO     | utils.utils_logger:<module>:38 - Logging to file: logs\project_log.log
2025-01-23 14:22:27.712 | INFO     | __main__:main:103 - START producer.
2025-01-23 14:22:27.712 | INFO     | utils.utils_producer:get_zookeeper_address:57 - Zookeeper address: localhost:2181
2025-01-23 14:22:31.815 | ERROR    | utils.utils_producer:check_zookeeper_service_is_ready:82 - Error checking Zookeeper readiness: [WinError 10061] No connection could be made because the target machine actively refused it
2025-01-23 14:22:31.817 | ERROR    | utils.utils_producer:verify_services:114 - Zookeeper is not ready. Please check your Zookeeper setup. Exiting...
2025-01-23 14:28:10.695 | INFO     | utils.utils_logger:<module>:38 - Logging to file: logs\project_log.log
2025-01-23 14:28:10.699 | INFO     | __main__:main:103 - START producer.
2025-01-23 14:28:10.700 | INFO     | utils.utils_producer:get_zookeeper_address:57 - Zookeeper address: localhost:2181
2025-01-23 14:28:14.829 | ERROR    | utils.utils_producer:check_zookeeper_service_is_ready:82 - Error checking Zookeeper readiness: [WinError 10061] No connection could be made because the target machine actively refused it
2025-01-23 14:28:14.829 | ERROR    | utils.utils_producer:verify_services:114 - Zookeeper is not ready. Please check your Zookeeper setup. Exiting...
2025-01-23 14:33:16.270 | INFO     | utils.utils_logger:<module>:38 - Logging to file: logs\project_log.log
2025-01-23 14:33:16.273 | INFO     | __main__:main:103 - START producer.
2025-01-23 14:33:16.273 | INFO     | utils.utils_producer:get_zookeeper_address:57 - Zookeeper address: localhost:2181
2025-01-23 14:33:16.289 | INFO     | utils.utils_producer:check_zookeeper_service_is_ready:79 - Zookeeper is ready at localhost:2181.
2025-01-23 14:33:16.290 | INFO     | utils.utils_producer:get_kafka_broker_address:50 - Kafka broker address: localhost:9092
2025-01-23 14:33:18.545 | ERROR    | utils.utils_producer:check_kafka_service_is_ready:102 - Error checking Kafka: NodeNotReadyError
2025-01-23 14:33:18.547 | ERROR    | utils.utils_producer:verify_services:121 - Kafka broker is not ready. Please check your Kafka setup. Exiting...
2025-01-23 14:34:46.827 | INFO     | utils.utils_logger:<module>:38 - Logging to file: logs\project_log.log
2025-01-23 14:34:46.829 | INFO     | __main__:main:103 - START producer.
2025-01-23 14:34:46.829 | INFO     | utils.utils_producer:get_zookeeper_address:57 - Zookeeper address: localhost:2181
2025-01-23 14:34:46.840 | INFO     | utils.utils_producer:check_zookeeper_service_is_ready:79 - Zookeeper is ready at localhost:2181.
2025-01-23 14:34:46.841 | INFO     | utils.utils_producer:get_kafka_broker_address:50 - Kafka broker address: localhost:9092
2025-01-23 14:34:49.099 | ERROR    | utils.utils_producer:check_kafka_service_is_ready:102 - Error checking Kafka: NodeNotReadyError
2025-01-23 14:34:49.102 | ERROR    | utils.utils_producer:verify_services:121 - Kafka broker is not ready. Please check your Kafka setup. Exiting...
2025-01-23 14:52:19.750 | INFO     | utils.utils_logger:<module>:38 - Logging to file: logs\project_log.log
2025-01-23 14:52:19.754 | INFO     | __main__:main:103 - START producer.
2025-01-23 14:52:19.754 | INFO     | utils.utils_producer:get_zookeeper_address:57 - Zookeeper address: localhost:2181
2025-01-23 14:52:19.768 | INFO     | utils.utils_producer:check_zookeeper_service_is_ready:79 - Zookeeper is ready at localhost:2181.
2025-01-23 14:52:19.768 | INFO     | utils.utils_producer:get_kafka_broker_address:50 - Kafka broker address: localhost:9092
2025-01-23 14:52:22.020 | ERROR    | utils.utils_producer:check_kafka_service_is_ready:102 - Error checking Kafka: NodeNotReadyError
2025-01-23 14:52:22.023 | ERROR    | utils.utils_producer:verify_services:121 - Kafka broker is not ready. Please check your Kafka setup. Exiting...
2025-01-23 15:05:17.296 | INFO     | utils.utils_logger:<module>:38 - Logging to file: logs\project_log.log
2025-01-23 15:05:17.299 | INFO     | __main__:main:103 - START producer.
2025-01-23 15:05:17.300 | INFO     | utils.utils_producer:get_zookeeper_address:57 - Zookeeper address: localhost:2181
2025-01-23 15:05:17.314 | INFO     | utils.utils_producer:check_zookeeper_service_is_ready:79 - Zookeeper is ready at localhost:2181.
2025-01-23 15:05:17.315 | INFO     | utils.utils_producer:get_kafka_broker_address:50 - Kafka broker address: localhost:9092
2025-01-23 15:05:17.659 | INFO     | utils.utils_producer:check_kafka_service_is_ready:98 - Kafka is ready. Brokers: {'throttle_time_ms': 0, 'brokers': [{'node_id': 1001, 'host': 'localhost', 'port': 9092, 'rack': None}], 'cluster_id': 'qsgaAExzQjaf1WHmn0jWAw', 'controller_id': 1001}
2025-01-23 15:05:17.660 | INFO     | __main__:get_kafka_topic:41 - Kafka topic: buzzline
2025-01-23 15:05:17.660 | INFO     | __main__:get_message_interval:48 - Message interval: 1 seconds
2025-01-23 15:05:17.661 | INFO     | utils.utils_producer:get_kafka_broker_address:50 - Kafka broker address: localhost:9092
2025-01-23 15:05:17.661 | INFO     | utils.utils_producer:create_kafka_producer:146 - Connecting to Kafka broker at localhost:9092...
2025-01-23 15:05:17.781 | INFO     | utils.utils_producer:create_kafka_producer:151 - Kafka producer successfully created.
2025-01-23 15:05:17.782 | INFO     | utils.utils_producer:get_kafka_broker_address:50 - Kafka broker address: localhost:9092
2025-01-23 15:05:18.117 | INFO     | utils.utils_producer:create_kafka_topic:176 - Creating 'buzzline'.
2025-01-23 15:05:18.437 | INFO     | utils.utils_producer:create_kafka_topic:181 - Topic 'buzzline' created successfully.
2025-01-23 15:05:18.438 | INFO     | __main__:main:119 - Kafka topic 'buzzline' is ready.
2025-01-23 15:05:18.439 | INFO     | __main__:main:125 - Starting message production to topic 'buzzline'...
2025-01-23 15:05:18.440 | INFO     | __main__:generate_messages:77 - Generated buzz: I love Python!
2025-01-23 15:05:18.526 | INFO     | __main__:generate_messages:79 - Sent message to topic 'buzzline': I love Python!
2025-01-23 15:05:19.528 | INFO     | __main__:generate_messages:77 - Generated buzz: Kafka is awesome.
2025-01-23 15:05:19.529 | INFO     | __main__:generate_messages:79 - Sent message to topic 'buzzline': Kafka is awesome.
2025-01-23 15:05:20.531 | INFO     | __main__:generate_messages:77 - Generated buzz: Streaming data is fun.
2025-01-23 15:05:20.535 | INFO     | __main__:generate_messages:79 - Sent message to topic 'buzzline': Streaming data is fun.
2025-01-23 15:05:21.539 | INFO     | __main__:generate_messages:77 - Generated buzz: This is a buzz message.
2025-01-23 15:05:21.541 | INFO     | __main__:generate_messages:79 - Sent message to topic 'buzzline': This is a buzz message.
2025-01-23 15:05:22.544 | INFO     | __main__:generate_messages:77 - Generated buzz: Have a great day!
2025-01-23 15:05:22.544 | INFO     | __main__:generate_messages:79 - Sent message to topic 'buzzline': Have a great day!
2025-01-23 15:05:23.546 | INFO     | __main__:generate_messages:77 - Generated buzz: I love Python!
2025-01-23 15:05:23.547 | INFO     | __main__:generate_messages:79 - Sent message to topic 'buzzline': I love Python!
2025-01-23 15:05:24.549 | INFO     | __main__:generate_messages:77 - Generated buzz: Kafka is awesome.
2025-01-23 15:05:24.552 | INFO     | __main__:generate_messages:79 - Sent message to topic 'buzzline': Kafka is awesome.
2025-01-23 15:05:25.554 | INFO     | __main__:generate_messages:77 - Generated buzz: Streaming data is fun.
2025-01-23 15:05:25.555 | INFO     | __main__:generate_messages:79 - Sent message to topic 'buzzline': Streaming data is fun.
2025-01-23 15:05:26.557 | INFO     | __main__:generate_messages:77 - Generated buzz: This is a buzz message.
2025-01-23 15:05:26.557 | INFO     | __main__:generate_messages:79 - Sent message to topic 'buzzline': This is a buzz message.
2025-01-23 15:05:27.560 | INFO     | __main__:generate_messages:77 - Generated buzz: Have a great day!
2025-01-23 15:05:27.562 | INFO     | __main__:generate_messages:79 - Sent message to topic 'buzzline': Have a great day!
2025-01-23 15:05:28.566 | INFO     | __main__:generate_messages:77 - Generated buzz: I love Python!
2025-01-23 15:05:28.570 | INFO     | __main__:generate_messages:79 - Sent message to topic 'buzzline': I love Python!
2025-01-23 15:05:29.572 | INFO     | __main__:generate_messages:77 - Generated buzz: Kafka is awesome.
2025-01-23 15:05:29.573 | INFO     | __main__:generate_messages:79 - Sent message to topic 'buzzline': Kafka is awesome.
2025-01-23 15:05:30.576 | INFO     | __main__:generate_messages:77 - Generated buzz: Streaming data is fun.
2025-01-23 15:05:30.578 | INFO     | __main__:generate_messages:79 - Sent message to topic 'buzzline': Streaming data is fun.
2025-01-23 15:05:31.580 | INFO     | __main__:generate_messages:77 - Generated buzz: This is a buzz message.
2025-01-23 15:05:31.584 | INFO     | __main__:generate_messages:79 - Sent message to topic 'buzzline': This is a buzz message.
2025-01-23 15:05:32.587 | INFO     | __main__:generate_messages:77 - Generated buzz: Have a great day!
2025-01-23 15:05:32.588 | INFO     | __main__:generate_messages:79 - Sent message to topic 'buzzline': Have a great day!
2025-01-23 15:05:33.590 | INFO     | __main__:generate_messages:77 - Generated buzz: I love Python!
2025-01-23 15:05:33.591 | INFO     | __main__:generate_messages:79 - Sent message to topic 'buzzline': I love Python!
2025-01-23 15:05:34.592 | INFO     | __main__:generate_messages:77 - Generated buzz: Kafka is awesome.
2025-01-23 15:05:34.594 | INFO     | __main__:generate_messages:79 - Sent message to topic 'buzzline': Kafka is awesome.
2025-01-23 15:05:35.597 | INFO     | __main__:generate_messages:77 - Generated buzz: Streaming data is fun.
2025-01-23 15:05:35.599 | INFO     | __main__:generate_messages:79 - Sent message to topic 'buzzline': Streaming data is fun.
2025-01-23 15:05:36.602 | INFO     | __main__:generate_messages:77 - Generated buzz: This is a buzz message.
2025-01-23 15:05:36.603 | INFO     | __main__:generate_messages:79 - Sent message to topic 'buzzline': This is a buzz message.
2025-01-23 15:05:37.604 | INFO     | __main__:generate_messages:77 - Generated buzz: Have a great day!
2025-01-23 15:05:37.605 | INFO     | __main__:generate_messages:79 - Sent message to topic 'buzzline': Have a great day!
2025-01-23 15:05:38.608 | INFO     | __main__:generate_messages:77 - Generated buzz: I love Python!
2025-01-23 15:05:38.611 | INFO     | __main__:generate_messages:79 - Sent message to topic 'buzzline': I love Python!
2025-01-23 15:05:39.613 | INFO     | __main__:generate_messages:77 - Generated buzz: Kafka is awesome.
2025-01-23 15:05:39.614 | INFO     | __main__:generate_messages:79 - Sent message to topic 'buzzline': Kafka is awesome.
2025-01-23 15:05:40.615 | INFO     | __main__:generate_messages:77 - Generated buzz: Streaming data is fun.
2025-01-23 15:05:40.617 | INFO     | __main__:generate_messages:79 - Sent message to topic 'buzzline': Streaming data is fun.
2025-01-23 15:05:41.619 | INFO     | __main__:generate_messages:77 - Generated buzz: This is a buzz message.
2025-01-23 15:05:41.621 | INFO     | __main__:generate_messages:79 - Sent message to topic 'buzzline': This is a buzz message.
2025-01-23 15:05:42.624 | INFO     | __main__:generate_messages:77 - Generated buzz: Have a great day!
2025-01-23 15:05:42.628 | INFO     | __main__:generate_messages:79 - Sent message to topic 'buzzline': Have a great day!
2025-01-23 15:05:43.631 | INFO     | __main__:generate_messages:77 - Generated buzz: I love Python!
2025-01-23 15:05:43.635 | INFO     | __main__:generate_messages:79 - Sent message to topic 'buzzline': I love Python!
2025-01-23 15:05:44.636 | INFO     | __main__:generate_messages:77 - Generated buzz: Kafka is awesome.
2025-01-23 15:05:44.637 | INFO     | __main__:generate_messages:79 - Sent message to topic 'buzzline': Kafka is awesome.
2025-01-23 15:05:45.639 | INFO     | __main__:generate_messages:77 - Generated buzz: Streaming data is fun.
2025-01-23 15:05:45.643 | INFO     | __main__:generate_messages:79 - Sent message to topic 'buzzline': Streaming data is fun.
2025-01-23 15:05:46.646 | INFO     | __main__:generate_messages:77 - Generated buzz: This is a buzz message.
2025-01-23 15:05:46.647 | INFO     | __main__:generate_messages:79 - Sent message to topic 'buzzline': This is a buzz message.
2025-01-23 15:05:47.649 | INFO     | __main__:generate_messages:77 - Generated buzz: Have a great day!
2025-01-23 15:05:47.650 | INFO     | __main__:generate_messages:79 - Sent message to topic 'buzzline': Have a great day!
2025-01-23 15:05:48.652 | INFO     | __main__:generate_messages:77 - Generated buzz: I love Python!
2025-01-23 15:05:48.656 | INFO     | __main__:generate_messages:79 - Sent message to topic 'buzzline': I love Python!
2025-01-23 15:05:49.658 | INFO     | __main__:generate_messages:77 - Generated buzz: Kafka is awesome.
2025-01-23 15:05:49.661 | INFO     | __main__:generate_messages:79 - Sent message to topic 'buzzline': Kafka is awesome.
2025-01-23 15:05:50.663 | INFO     | __main__:generate_messages:77 - Generated buzz: Streaming data is fun.
2025-01-23 15:05:50.664 | INFO     | __main__:generate_messages:79 - Sent message to topic 'buzzline': Streaming data is fun.
2025-01-23 15:05:51.667 | INFO     | __main__:generate_messages:77 - Generated buzz: This is a buzz message.
2025-01-23 15:05:51.669 | INFO     | __main__:generate_messages:79 - Sent message to topic 'buzzline': This is a buzz message.
2025-01-23 15:05:52.672 | INFO     | __main__:generate_messages:77 - Generated buzz: Have a great day!
2025-01-23 15:05:52.673 | INFO     | __main__:generate_messages:79 - Sent message to topic 'buzzline': Have a great day!
2025-01-23 15:05:53.675 | INFO     | __main__:generate_messages:77 - Generated buzz: I love Python!
2025-01-23 15:05:53.676 | INFO     | __main__:generate_messages:79 - Sent message to topic 'buzzline': I love Python!
2025-01-23 15:05:54.677 | INFO     | __main__:generate_messages:77 - Generated buzz: Kafka is awesome.
2025-01-23 15:05:54.679 | INFO     | __main__:generate_messages:79 - Sent message to topic 'buzzline': Kafka is awesome.
2025-01-23 15:05:55.681 | INFO     | __main__:generate_messages:77 - Generated buzz: Streaming data is fun.
2025-01-23 15:05:55.682 | INFO     | __main__:generate_messages:79 - Sent message to topic 'buzzline': Streaming data is fun.
2025-01-23 15:05:56.684 | INFO     | __main__:generate_messages:77 - Generated buzz: This is a buzz message.
2025-01-23 15:05:56.685 | INFO     | __main__:generate_messages:79 - Sent message to topic 'buzzline': This is a buzz message.
2025-01-23 15:05:57.688 | INFO     | __main__:generate_messages:77 - Generated buzz: Have a great day!
2025-01-23 15:05:57.694 | INFO     | __main__:generate_messages:79 - Sent message to topic 'buzzline': Have a great day!
2025-01-23 15:05:58.696 | INFO     | __main__:generate_messages:77 - Generated buzz: I love Python!
2025-01-23 15:05:58.697 | INFO     | __main__:generate_messages:79 - Sent message to topic 'buzzline': I love Python!
2025-01-23 15:05:59.700 | INFO     | __main__:generate_messages:77 - Generated buzz: Kafka is awesome.
2025-01-23 15:05:59.700 | INFO     | __main__:generate_messages:79 - Sent message to topic 'buzzline': Kafka is awesome.
2025-01-23 15:06:00.703 | INFO     | __main__:generate_messages:77 - Generated buzz: Streaming data is fun.
2025-01-23 15:06:00.705 | INFO     | __main__:generate_messages:79 - Sent message to topic 'buzzline': Streaming data is fun.
2025-01-23 15:06:01.706 | INFO     | __main__:generate_messages:77 - Generated buzz: This is a buzz message.
2025-01-23 15:06:01.707 | INFO     | __main__:generate_messages:79 - Sent message to topic 'buzzline': This is a buzz message.
2025-01-23 15:06:02.709 | INFO     | __main__:generate_messages:77 - Generated buzz: Have a great day!
2025-01-23 15:06:02.711 | INFO     | __main__:generate_messages:79 - Sent message to topic 'buzzline': Have a great day!
2025-01-23 15:06:03.712 | INFO     | __main__:generate_messages:77 - Generated buzz: I love Python!
2025-01-23 15:06:03.714 | INFO     | __main__:generate_messages:79 - Sent message to topic 'buzzline': I love Python!
2025-01-23 15:06:04.717 | INFO     | __main__:generate_messages:77 - Generated buzz: Kafka is awesome.
2025-01-23 15:06:04.719 | INFO     | __main__:generate_messages:79 - Sent message to topic 'buzzline': Kafka is awesome.
2025-01-23 15:06:05.721 | INFO     | __main__:generate_messages:77 - Generated buzz: Streaming data is fun.
2025-01-23 15:06:05.722 | INFO     | __main__:generate_messages:79 - Sent message to topic 'buzzline': Streaming data is fun.
2025-01-23 15:06:06.723 | INFO     | __main__:generate_messages:77 - Generated buzz: This is a buzz message.
2025-01-23 15:06:06.724 | INFO     | __main__:generate_messages:79 - Sent message to topic 'buzzline': This is a buzz message.
2025-01-23 15:06:07.726 | INFO     | __main__:generate_messages:77 - Generated buzz: Have a great day!
2025-01-23 15:06:07.726 | INFO     | __main__:generate_messages:79 - Sent message to topic 'buzzline': Have a great day!
2025-01-23 15:06:08.728 | INFO     | __main__:generate_messages:77 - Generated buzz: I love Python!
2025-01-23 15:06:08.730 | INFO     | __main__:generate_messages:79 - Sent message to topic 'buzzline': I love Python!
2025-01-23 15:06:09.732 | INFO     | __main__:generate_messages:77 - Generated buzz: Kafka is awesome.
2025-01-23 15:06:09.733 | INFO     | __main__:generate_messages:79 - Sent message to topic 'buzzline': Kafka is awesome.
2025-01-23 15:06:10.736 | INFO     | __main__:generate_messages:77 - Generated buzz: Streaming data is fun.
2025-01-23 15:06:10.739 | INFO     | __main__:generate_messages:79 - Sent message to topic 'buzzline': Streaming data is fun.
2025-01-23 15:06:11.742 | INFO     | __main__:generate_messages:77 - Generated buzz: This is a buzz message.
2025-01-23 15:06:11.743 | INFO     | __main__:generate_messages:79 - Sent message to topic 'buzzline': This is a buzz message.
2025-01-23 15:06:12.745 | INFO     | __main__:generate_messages:77 - Generated buzz: Have a great day!
2025-01-23 15:06:12.746 | INFO     | __main__:generate_messages:79 - Sent message to topic 'buzzline': Have a great day!
2025-01-23 15:06:13.748 | INFO     | __main__:generate_messages:77 - Generated buzz: I love Python!
2025-01-23 15:06:13.749 | INFO     | __main__:generate_messages:79 - Sent message to topic 'buzzline': I love Python!
2025-01-23 15:06:14.751 | INFO     | __main__:generate_messages:77 - Generated buzz: Kafka is awesome.
2025-01-23 15:06:14.754 | INFO     | __main__:generate_messages:79 - Sent message to topic 'buzzline': Kafka is awesome.
2025-01-23 15:06:15.757 | INFO     | __main__:generate_messages:77 - Generated buzz: Streaming data is fun.
2025-01-23 15:06:15.758 | INFO     | __main__:generate_messages:79 - Sent message to topic 'buzzline': Streaming data is fun.
2025-01-23 15:06:16.760 | INFO     | __main__:generate_messages:77 - Generated buzz: This is a buzz message.
2025-01-23 15:06:16.763 | INFO     | __main__:generate_messages:79 - Sent message to topic 'buzzline': This is a buzz message.
2025-01-23 15:06:17.765 | INFO     | __main__:generate_messages:77 - Generated buzz: Have a great day!
2025-01-23 15:06:17.766 | INFO     | __main__:generate_messages:79 - Sent message to topic 'buzzline': Have a great day!
2025-01-23 15:06:18.768 | INFO     | __main__:generate_messages:77 - Generated buzz: I love Python!
2025-01-23 15:06:18.771 | INFO     | __main__:generate_messages:79 - Sent message to topic 'buzzline': I love Python!
2025-01-23 15:06:19.773 | INFO     | __main__:generate_messages:77 - Generated buzz: Kafka is awesome.
2025-01-23 15:06:19.774 | INFO     | __main__:generate_messages:79 - Sent message to topic 'buzzline': Kafka is awesome.
2025-01-23 15:06:20.776 | INFO     | __main__:generate_messages:77 - Generated buzz: Streaming data is fun.
2025-01-23 15:06:20.778 | INFO     | __main__:generate_messages:79 - Sent message to topic 'buzzline': Streaming data is fun.
2025-01-23 15:06:21.781 | INFO     | __main__:generate_messages:77 - Generated buzz: This is a buzz message.
2025-01-23 15:06:21.782 | INFO     | __main__:generate_messages:79 - Sent message to topic 'buzzline': This is a buzz message.
2025-01-23 15:06:22.228 | INFO     | utils.utils_logger:<module>:38 - Logging to file: logs\project_log.log
2025-01-23 15:06:22.231 | INFO     | __main__:main:78 - START consumer.
2025-01-23 15:06:22.232 | INFO     | __main__:get_kafka_topic:35 - Kafka topic: buzzline
2025-01-23 15:06:22.232 | INFO     | __main__:get_kafka_consumer_group_id:42 - Kafka consumer group id: default_group
2025-01-23 15:06:22.232 | INFO     | __main__:main:83 - Consumer: Topic 'buzzline' and group 'default_group'...
2025-01-23 15:06:22.233 | INFO     | utils.utils_producer:get_kafka_broker_address:50 - Kafka broker address: localhost:9092
2025-01-23 15:06:22.233 | INFO     | utils.utils_consumer:create_kafka_consumer:44 - Creating Kafka consumer. Topic='buzzline' and group ID='default_group'.
2025-01-23 15:06:22.357 | INFO     | utils.utils_consumer:create_kafka_consumer:57 - Kafka consumer created successfully.
2025-01-23 15:06:22.358 | INFO     | __main__:main:89 - Polling messages from topic 'buzzline'...
2025-01-23 15:06:22.784 | INFO     | __main__:generate_messages:77 - Generated buzz: Have a great day!
2025-01-23 15:06:22.785 | INFO     | __main__:generate_messages:79 - Sent message to topic 'buzzline': Have a great day!
2025-01-23 15:06:23.788 | INFO     | __main__:generate_messages:77 - Generated buzz: I love Python!
2025-01-23 15:06:23.790 | INFO     | __main__:generate_messages:79 - Sent message to topic 'buzzline': I love Python!
2025-01-23 15:06:23.984 | INFO     | __main__:process_message:62 - Processing message: I love Python!
2025-01-23 15:06:23.986 | INFO     | __main__:process_message:62 - Processing message: Kafka is awesome.
2025-01-23 15:06:23.987 | INFO     | __main__:process_message:62 - Processing message: Streaming data is fun.
2025-01-23 15:06:23.988 | INFO     | __main__:process_message:62 - Processing message: This is a buzz message.
2025-01-23 15:06:23.989 | INFO     | __main__:process_message:62 - Processing message: Have a great day!
2025-01-23 15:06:23.990 | INFO     | __main__:process_message:62 - Processing message: I love Python!
2025-01-23 15:06:23.991 | INFO     | __main__:process_message:62 - Processing message: Kafka is awesome.
2025-01-23 15:06:23.992 | INFO     | __main__:process_message:62 - Processing message: Streaming data is fun.
2025-01-23 15:06:23.993 | INFO     | __main__:process_message:62 - Processing message: This is a buzz message.
2025-01-23 15:06:23.994 | INFO     | __main__:process_message:62 - Processing message: Have a great day!
2025-01-23 15:06:23.995 | INFO     | __main__:process_message:62 - Processing message: I love Python!
2025-01-23 15:06:23.996 | INFO     | __main__:process_message:62 - Processing message: Kafka is awesome.
2025-01-23 15:06:23.997 | INFO     | __main__:process_message:62 - Processing message: Streaming data is fun.
2025-01-23 15:06:23.999 | INFO     | __main__:process_message:62 - Processing message: This is a buzz message.
2025-01-23 15:06:24.001 | INFO     | __main__:process_message:62 - Processing message: Have a great day!
2025-01-23 15:06:24.003 | INFO     | __main__:process_message:62 - Processing message: I love Python!
2025-01-23 15:06:24.005 | INFO     | __main__:process_message:62 - Processing message: Kafka is awesome.
2025-01-23 15:06:24.008 | INFO     | __main__:process_message:62 - Processing message: Streaming data is fun.
2025-01-23 15:06:24.009 | INFO     | __main__:process_message:62 - Processing message: This is a buzz message.
2025-01-23 15:06:24.011 | INFO     | __main__:process_message:62 - Processing message: Have a great day!
2025-01-23 15:06:24.013 | INFO     | __main__:process_message:62 - Processing message: I love Python!
2025-01-23 15:06:24.014 | INFO     | __main__:process_message:62 - Processing message: Kafka is awesome.
2025-01-23 15:06:24.015 | INFO     | __main__:process_message:62 - Processing message: Streaming data is fun.
2025-01-23 15:06:24.016 | INFO     | __main__:process_message:62 - Processing message: This is a buzz message.
2025-01-23 15:06:24.018 | INFO     | __main__:process_message:62 - Processing message: Have a great day!
2025-01-23 15:06:24.019 | INFO     | __main__:process_message:62 - Processing message: I love Python!
2025-01-23 15:06:24.022 | INFO     | __main__:process_message:62 - Processing message: Kafka is awesome.
2025-01-23 15:06:24.024 | INFO     | __main__:process_message:62 - Processing message: Streaming data is fun.
2025-01-23 15:06:24.025 | INFO     | __main__:process_message:62 - Processing message: This is a buzz message.
2025-01-23 15:06:24.026 | INFO     | __main__:process_message:62 - Processing message: Have a great day!
2025-01-23 15:06:24.028 | INFO     | __main__:process_message:62 - Processing message: I love Python!
2025-01-23 15:06:24.029 | INFO     | __main__:process_message:62 - Processing message: Kafka is awesome.
2025-01-23 15:06:24.031 | INFO     | __main__:process_message:62 - Processing message: Streaming data is fun.
2025-01-23 15:06:24.033 | INFO     | __main__:process_message:62 - Processing message: This is a buzz message.
2025-01-23 15:06:24.034 | INFO     | __main__:process_message:62 - Processing message: Have a great day!
2025-01-23 15:06:24.035 | INFO     | __main__:process_message:62 - Processing message: I love Python!
2025-01-23 15:06:24.036 | INFO     | __main__:process_message:62 - Processing message: Kafka is awesome.
2025-01-23 15:06:24.037 | INFO     | __main__:process_message:62 - Processing message: Streaming data is fun.
2025-01-23 15:06:24.039 | INFO     | __main__:process_message:62 - Processing message: This is a buzz message.
2025-01-23 15:06:24.040 | INFO     | __main__:process_message:62 - Processing message: Have a great day!
2025-01-23 15:06:24.041 | INFO     | __main__:process_message:62 - Processing message: I love Python!
2025-01-23 15:06:24.042 | INFO     | __main__:process_message:62 - Processing message: Kafka is awesome.
2025-01-23 15:06:24.043 | INFO     | __main__:process_message:62 - Processing message: Streaming data is fun.
2025-01-23 15:06:24.044 | INFO     | __main__:process_message:62 - Processing message: This is a buzz message.
2025-01-23 15:06:24.045 | INFO     | __main__:process_message:62 - Processing message: Have a great day!
2025-01-23 15:06:24.046 | INFO     | __main__:process_message:62 - Processing message: I love Python!
2025-01-23 15:06:24.047 | INFO     | __main__:process_message:62 - Processing message: Kafka is awesome.
2025-01-23 15:06:24.049 | INFO     | __main__:process_message:62 - Processing message: Streaming data is fun.
2025-01-23 15:06:24.051 | INFO     | __main__:process_message:62 - Processing message: This is a buzz message.
2025-01-23 15:06:24.052 | INFO     | __main__:process_message:62 - Processing message: Have a great day!
2025-01-23 15:06:24.053 | INFO     | __main__:process_message:62 - Processing message: I love Python!
2025-01-23 15:06:24.055 | INFO     | __main__:process_message:62 - Processing message: Kafka is awesome.
2025-01-23 15:06:24.056 | INFO     | __main__:process_message:62 - Processing message: Streaming data is fun.
2025-01-23 15:06:24.058 | INFO     | __main__:process_message:62 - Processing message: This is a buzz message.
2025-01-23 15:06:24.059 | INFO     | __main__:process_message:62 - Processing message: Have a great day!
2025-01-23 15:06:24.060 | INFO     | __main__:process_message:62 - Processing message: I love Python!
2025-01-23 15:06:24.061 | INFO     | __main__:process_message:62 - Processing message: Kafka is awesome.
2025-01-23 15:06:24.063 | INFO     | __main__:process_message:62 - Processing message: Streaming data is fun.
2025-01-23 15:06:24.065 | INFO     | __main__:process_message:62 - Processing message: This is a buzz message.
2025-01-23 15:06:24.067 | INFO     | __main__:process_message:62 - Processing message: Have a great day!
2025-01-23 15:06:24.068 | INFO     | __main__:process_message:62 - Processing message: I love Python!
2025-01-23 15:06:24.069 | INFO     | __main__:process_message:62 - Processing message: Kafka is awesome.
2025-01-23 15:06:24.071 | INFO     | __main__:process_message:62 - Processing message: Streaming data is fun.
2025-01-23 15:06:24.073 | INFO     | __main__:process_message:62 - Processing message: This is a buzz message.
2025-01-23 15:06:24.074 | INFO     | __main__:process_message:62 - Processing message: Have a great day!
2025-01-23 15:06:24.075 | INFO     | __main__:process_message:62 - Processing message: I love Python!
2025-01-23 15:06:24.793 | INFO     | __main__:generate_messages:77 - Generated buzz: Kafka is awesome.
2025-01-23 15:06:24.793 | INFO     | __main__:generate_messages:79 - Sent message to topic 'buzzline': Kafka is awesome.
2025-01-23 15:06:24.799 | INFO     | __main__:process_message:62 - Processing message: Kafka is awesome.
2025-01-23 15:06:25.795 | INFO     | __main__:generate_messages:77 - Generated buzz: Streaming data is fun.
2025-01-23 15:06:25.796 | INFO     | __main__:generate_messages:79 - Sent message to topic 'buzzline': Streaming data is fun.
2025-01-23 15:06:25.908 | INFO     | __main__:process_message:62 - Processing message: Streaming data is fun.
2025-01-23 15:06:26.798 | INFO     | __main__:generate_messages:77 - Generated buzz: This is a buzz message.
2025-01-23 15:06:26.799 | INFO     | __main__:generate_messages:79 - Sent message to topic 'buzzline': This is a buzz message.
2025-01-23 15:06:26.804 | INFO     | __main__:process_message:62 - Processing message: This is a buzz message.
2025-01-23 15:06:27.801 | INFO     | __main__:generate_messages:77 - Generated buzz: Have a great day!
2025-01-23 15:06:27.802 | INFO     | __main__:generate_messages:79 - Sent message to topic 'buzzline': Have a great day!
2025-01-23 15:06:27.807 | INFO     | __main__:process_message:62 - Processing message: Have a great day!
2025-01-23 15:06:28.804 | INFO     | __main__:generate_messages:77 - Generated buzz: I love Python!
2025-01-23 15:06:28.805 | INFO     | __main__:generate_messages:79 - Sent message to topic 'buzzline': I love Python!
2025-01-23 15:06:28.815 | INFO     | __main__:process_message:62 - Processing message: I love Python!
2025-01-23 15:06:29.807 | INFO     | __main__:generate_messages:77 - Generated buzz: Kafka is awesome.
2025-01-23 15:06:29.807 | INFO     | __main__:generate_messages:79 - Sent message to topic 'buzzline': Kafka is awesome.
2025-01-23 15:06:29.813 | INFO     | __main__:process_message:62 - Processing message: Kafka is awesome.
2025-01-23 15:06:30.809 | INFO     | __main__:generate_messages:77 - Generated buzz: Streaming data is fun.
2025-01-23 15:06:30.811 | INFO     | __main__:generate_messages:79 - Sent message to topic 'buzzline': Streaming data is fun.
2025-01-23 15:06:30.823 | INFO     | __main__:process_message:62 - Processing message: Streaming data is fun.
2025-01-23 15:06:31.813 | INFO     | __main__:generate_messages:77 - Generated buzz: This is a buzz message.
2025-01-23 15:06:31.815 | INFO     | __main__:generate_messages:79 - Sent message to topic 'buzzline': This is a buzz message.
2025-01-23 15:06:31.827 | INFO     | __main__:process_message:62 - Processing message: This is a buzz message.
2025-01-23 15:06:32.819 | INFO     | __main__:generate_messages:77 - Generated buzz: Have a great day!
2025-01-23 15:06:32.820 | INFO     | __main__:generate_messages:79 - Sent message to topic 'buzzline': Have a great day!
2025-01-23 15:06:32.827 | INFO     | __main__:process_message:62 - Processing message: Have a great day!
2025-01-23 15:06:33.822 | INFO     | __main__:generate_messages:77 - Generated buzz: I love Python!
2025-01-23 15:06:33.824 | INFO     | __main__:generate_messages:79 - Sent message to topic 'buzzline': I love Python!
2025-01-23 15:06:33.833 | INFO     | __main__:process_message:62 - Processing message: I love Python!
2025-01-23 15:06:34.827 | INFO     | __main__:generate_messages:77 - Generated buzz: Kafka is awesome.
2025-01-23 15:06:34.828 | INFO     | __main__:generate_messages:79 - Sent message to topic 'buzzline': Kafka is awesome.
2025-01-23 15:06:34.837 | INFO     | __main__:process_message:62 - Processing message: Kafka is awesome.
2025-01-23 15:06:35.830 | INFO     | __main__:generate_messages:77 - Generated buzz: Streaming data is fun.
2025-01-23 15:06:35.832 | INFO     | __main__:generate_messages:79 - Sent message to topic 'buzzline': Streaming data is fun.
2025-01-23 15:06:35.840 | INFO     | __main__:process_message:62 - Processing message: Streaming data is fun.
2025-01-23 15:06:36.834 | INFO     | __main__:generate_messages:77 - Generated buzz: This is a buzz message.
2025-01-23 15:06:36.836 | INFO     | __main__:generate_messages:79 - Sent message to topic 'buzzline': This is a buzz message.
2025-01-23 15:06:36.840 | INFO     | __main__:process_message:62 - Processing message: This is a buzz message.
2025-01-23 15:06:37.838 | INFO     | __main__:generate_messages:77 - Generated buzz: Have a great day!
2025-01-23 15:06:37.839 | INFO     | __main__:generate_messages:79 - Sent message to topic 'buzzline': Have a great day!
2025-01-23 15:06:37.843 | INFO     | __main__:process_message:62 - Processing message: Have a great day!
2025-01-23 15:06:38.840 | INFO     | __main__:generate_messages:77 - Generated buzz: I love Python!
2025-01-23 15:06:38.842 | INFO     | __main__:generate_messages:79 - Sent message to topic 'buzzline': I love Python!
2025-01-23 15:06:38.854 | INFO     | __main__:process_message:62 - Processing message: I love Python!
2025-01-23 15:06:39.846 | INFO     | __main__:generate_messages:77 - Generated buzz: Kafka is awesome.
2025-01-23 15:06:39.847 | INFO     | __main__:generate_messages:79 - Sent message to topic 'buzzline': Kafka is awesome.
2025-01-23 15:06:39.855 | INFO     | __main__:process_message:62 - Processing message: Kafka is awesome.
2025-01-23 15:06:40.849 | INFO     | __main__:generate_messages:77 - Generated buzz: Streaming data is fun.
2025-01-23 15:06:40.850 | INFO     | __main__:generate_messages:79 - Sent message to topic 'buzzline': Streaming data is fun.
2025-01-23 15:06:40.856 | INFO     | __main__:process_message:62 - Processing message: Streaming data is fun.
2025-01-23 15:06:41.852 | INFO     | __main__:generate_messages:77 - Generated buzz: This is a buzz message.
2025-01-23 15:06:41.854 | INFO     | __main__:generate_messages:79 - Sent message to topic 'buzzline': This is a buzz message.
2025-01-23 15:06:41.863 | INFO     | __main__:process_message:62 - Processing message: This is a buzz message.
2025-01-23 15:06:42.856 | INFO     | __main__:generate_messages:77 - Generated buzz: Have a great day!
2025-01-23 15:06:42.857 | INFO     | __main__:generate_messages:79 - Sent message to topic 'buzzline': Have a great day!
2025-01-23 15:06:42.866 | INFO     | __main__:process_message:62 - Processing message: Have a great day!
2025-01-23 15:06:43.859 | INFO     | __main__:generate_messages:77 - Generated buzz: I love Python!
2025-01-23 15:06:43.861 | INFO     | __main__:generate_messages:79 - Sent message to topic 'buzzline': I love Python!
2025-01-23 15:06:43.866 | INFO     | __main__:process_message:62 - Processing message: I love Python!
2025-01-23 15:06:44.862 | INFO     | __main__:generate_messages:77 - Generated buzz: Kafka is awesome.
2025-01-23 15:06:44.864 | INFO     | __main__:generate_messages:79 - Sent message to topic 'buzzline': Kafka is awesome.
2025-01-23 15:06:44.975 | INFO     | __main__:process_message:62 - Processing message: Kafka is awesome.
2025-01-23 15:06:45.866 | INFO     | __main__:generate_messages:77 - Generated buzz: Streaming data is fun.
2025-01-23 15:06:45.867 | INFO     | __main__:generate_messages:79 - Sent message to topic 'buzzline': Streaming data is fun.
2025-01-23 15:06:45.874 | INFO     | __main__:process_message:62 - Processing message: Streaming data is fun.
2025-01-23 15:06:46.870 | INFO     | __main__:generate_messages:77 - Generated buzz: This is a buzz message.
2025-01-23 15:06:46.871 | INFO     | __main__:generate_messages:79 - Sent message to topic 'buzzline': This is a buzz message.
2025-01-23 15:06:46.875 | INFO     | __main__:process_message:62 - Processing message: This is a buzz message.
2025-01-23 15:06:47.872 | INFO     | __main__:generate_messages:77 - Generated buzz: Have a great day!
2025-01-23 15:06:47.873 | INFO     | __main__:generate_messages:79 - Sent message to topic 'buzzline': Have a great day!
2025-01-23 15:06:47.879 | INFO     | __main__:process_message:62 - Processing message: Have a great day!
2025-01-23 15:06:48.875 | INFO     | __main__:generate_messages:77 - Generated buzz: I love Python!
2025-01-23 15:06:48.876 | INFO     | __main__:generate_messages:79 - Sent message to topic 'buzzline': I love Python!
2025-01-23 15:06:48.884 | INFO     | __main__:process_message:62 - Processing message: I love Python!
2025-01-23 15:06:49.879 | INFO     | __main__:generate_messages:77 - Generated buzz: Kafka is awesome.
2025-01-23 15:06:49.880 | INFO     | __main__:generate_messages:79 - Sent message to topic 'buzzline': Kafka is awesome.
2025-01-23 15:06:49.885 | INFO     | __main__:process_message:62 - Processing message: Kafka is awesome.
2025-01-23 15:06:50.881 | INFO     | __main__:generate_messages:77 - Generated buzz: Streaming data is fun.
2025-01-23 15:06:50.884 | INFO     | __main__:generate_messages:79 - Sent message to topic 'buzzline': Streaming data is fun.
2025-01-23 15:06:50.894 | INFO     | __main__:process_message:62 - Processing message: Streaming data is fun.
2025-01-23 15:06:51.888 | INFO     | __main__:generate_messages:77 - Generated buzz: This is a buzz message.
2025-01-23 15:06:51.889 | INFO     | __main__:generate_messages:79 - Sent message to topic 'buzzline': This is a buzz message.
2025-01-23 15:06:52.009 | INFO     | __main__:process_message:62 - Processing message: This is a buzz message.
2025-01-23 15:06:52.890 | INFO     | __main__:generate_messages:77 - Generated buzz: Have a great day!
2025-01-23 15:06:52.892 | INFO     | __main__:generate_messages:79 - Sent message to topic 'buzzline': Have a great day!
2025-01-23 15:06:52.905 | INFO     | __main__:process_message:62 - Processing message: Have a great day!
2025-01-23 15:06:53.895 | INFO     | __main__:generate_messages:77 - Generated buzz: I love Python!
2025-01-23 15:06:53.896 | INFO     | __main__:generate_messages:79 - Sent message to topic 'buzzline': I love Python!
2025-01-23 15:06:53.901 | INFO     | __main__:process_message:62 - Processing message: I love Python!
2025-01-23 15:06:54.897 | INFO     | __main__:generate_messages:77 - Generated buzz: Kafka is awesome.
2025-01-23 15:06:54.898 | INFO     | __main__:generate_messages:79 - Sent message to topic 'buzzline': Kafka is awesome.
2025-01-23 15:06:54.902 | INFO     | __main__:process_message:62 - Processing message: Kafka is awesome.
2025-01-23 15:06:55.900 | INFO     | __main__:generate_messages:77 - Generated buzz: Streaming data is fun.
2025-01-23 15:06:55.901 | INFO     | __main__:generate_messages:79 - Sent message to topic 'buzzline': Streaming data is fun.
2025-01-23 15:06:55.905 | INFO     | __main__:process_message:62 - Processing message: Streaming data is fun.
2025-01-23 15:06:56.903 | INFO     | __main__:generate_messages:77 - Generated buzz: This is a buzz message.
2025-01-23 15:06:56.904 | INFO     | __main__:generate_messages:79 - Sent message to topic 'buzzline': This is a buzz message.
2025-01-23 15:06:56.909 | INFO     | __main__:process_message:62 - Processing message: This is a buzz message.
2025-01-23 15:06:57.906 | INFO     | __main__:generate_messages:77 - Generated buzz: Have a great day!
2025-01-23 15:06:57.907 | INFO     | __main__:generate_messages:79 - Sent message to topic 'buzzline': Have a great day!
2025-01-23 15:06:57.912 | INFO     | __main__:process_message:62 - Processing message: Have a great day!
2025-01-23 15:06:58.908 | INFO     | __main__:generate_messages:77 - Generated buzz: I love Python!
2025-01-23 15:06:58.911 | INFO     | __main__:generate_messages:79 - Sent message to topic 'buzzline': I love Python!
2025-01-23 15:06:58.989 | INFO     | __main__:process_message:62 - Processing message: I love Python!
2025-01-23 15:06:59.913 | INFO     | __main__:generate_messages:77 - Generated buzz: Kafka is awesome.
2025-01-23 15:06:59.915 | INFO     | __main__:generate_messages:79 - Sent message to topic 'buzzline': Kafka is awesome.
2025-01-23 15:06:59.925 | INFO     | __main__:process_message:62 - Processing message: Kafka is awesome.
2025-01-23 15:07:00.918 | INFO     | __main__:generate_messages:77 - Generated buzz: Streaming data is fun.
2025-01-23 15:07:00.920 | INFO     | __main__:generate_messages:79 - Sent message to topic 'buzzline': Streaming data is fun.
2025-01-23 15:07:00.926 | INFO     | __main__:process_message:62 - Processing message: Streaming data is fun.
2025-01-23 15:07:01.922 | INFO     | __main__:generate_messages:77 - Generated buzz: This is a buzz message.
2025-01-23 15:07:01.924 | INFO     | __main__:generate_messages:79 - Sent message to topic 'buzzline': This is a buzz message.
2025-01-23 15:07:01.931 | INFO     | __main__:process_message:62 - Processing message: This is a buzz message.
2025-01-23 15:07:02.927 | INFO     | __main__:generate_messages:77 - Generated buzz: Have a great day!
2025-01-23 15:07:02.927 | INFO     | __main__:generate_messages:79 - Sent message to topic 'buzzline': Have a great day!
2025-01-23 15:07:02.934 | INFO     | __main__:process_message:62 - Processing message: Have a great day!
2025-01-23 15:07:03.929 | INFO     | __main__:generate_messages:77 - Generated buzz: I love Python!
2025-01-23 15:07:03.931 | INFO     | __main__:generate_messages:79 - Sent message to topic 'buzzline': I love Python!
2025-01-23 15:07:03.960 | INFO     | __main__:process_message:62 - Processing message: I love Python!
2025-01-23 15:07:04.934 | INFO     | __main__:generate_messages:77 - Generated buzz: Kafka is awesome.
2025-01-23 15:07:04.936 | INFO     | __main__:generate_messages:79 - Sent message to topic 'buzzline': Kafka is awesome.
2025-01-23 15:07:04.945 | INFO     | __main__:process_message:62 - Processing message: Kafka is awesome.
2025-01-23 15:07:05.939 | INFO     | __main__:generate_messages:77 - Generated buzz: Streaming data is fun.
2025-01-23 15:07:05.940 | INFO     | __main__:generate_messages:79 - Sent message to topic 'buzzline': Streaming data is fun.
2025-01-23 15:07:05.945 | INFO     | __main__:process_message:62 - Processing message: Streaming data is fun.
2025-01-23 15:07:06.942 | INFO     | __main__:generate_messages:77 - Generated buzz: This is a buzz message.
2025-01-23 15:07:06.944 | INFO     | __main__:generate_messages:79 - Sent message to topic 'buzzline': This is a buzz message.
2025-01-23 15:07:06.954 | INFO     | __main__:process_message:62 - Processing message: This is a buzz message.
2025-01-23 15:07:07.946 | INFO     | __main__:generate_messages:77 - Generated buzz: Have a great day!
2025-01-23 15:07:07.947 | INFO     | __main__:generate_messages:79 - Sent message to topic 'buzzline': Have a great day!
2025-01-23 15:07:07.951 | INFO     | __main__:process_message:62 - Processing message: Have a great day!
2025-01-23 15:07:08.949 | INFO     | __main__:generate_messages:77 - Generated buzz: I love Python!
2025-01-23 15:07:08.951 | INFO     | __main__:generate_messages:79 - Sent message to topic 'buzzline': I love Python!
2025-01-23 15:07:08.959 | INFO     | __main__:process_message:62 - Processing message: I love Python!
2025-01-23 15:07:09.953 | INFO     | __main__:generate_messages:77 - Generated buzz: Kafka is awesome.
2025-01-23 15:07:09.954 | INFO     | __main__:generate_messages:79 - Sent message to topic 'buzzline': Kafka is awesome.
2025-01-23 15:07:09.961 | INFO     | __main__:process_message:62 - Processing message: Kafka is awesome.
2025-01-23 15:07:10.956 | INFO     | __main__:generate_messages:77 - Generated buzz: Streaming data is fun.
2025-01-23 15:07:10.957 | INFO     | __main__:generate_messages:79 - Sent message to topic 'buzzline': Streaming data is fun.
2025-01-23 15:07:10.962 | INFO     | __main__:process_message:62 - Processing message: Streaming data is fun.
2025-01-23 15:07:11.959 | INFO     | __main__:generate_messages:77 - Generated buzz: This is a buzz message.
2025-01-23 15:07:11.961 | INFO     | __main__:generate_messages:79 - Sent message to topic 'buzzline': This is a buzz message.
2025-01-23 15:07:11.965 | INFO     | __main__:process_message:62 - Processing message: This is a buzz message.
2025-01-23 15:07:12.962 | INFO     | __main__:generate_messages:77 - Generated buzz: Have a great day!
2025-01-23 15:07:12.963 | INFO     | __main__:generate_messages:79 - Sent message to topic 'buzzline': Have a great day!
2025-01-23 15:07:12.968 | INFO     | __main__:process_message:62 - Processing message: Have a great day!
2025-01-23 15:07:13.965 | INFO     | __main__:generate_messages:77 - Generated buzz: I love Python!
2025-01-23 15:07:13.968 | INFO     | __main__:generate_messages:79 - Sent message to topic 'buzzline': I love Python!
2025-01-23 15:07:13.981 | INFO     | __main__:process_message:62 - Processing message: I love Python!
2025-01-23 15:07:14.972 | INFO     | __main__:generate_messages:77 - Generated buzz: Kafka is awesome.
2025-01-23 15:07:14.973 | INFO     | __main__:generate_messages:79 - Sent message to topic 'buzzline': Kafka is awesome.
2025-01-23 15:07:14.981 | INFO     | __main__:process_message:62 - Processing message: Kafka is awesome.
2025-01-23 15:07:15.974 | INFO     | __main__:generate_messages:77 - Generated buzz: Streaming data is fun.
2025-01-23 15:07:15.976 | INFO     | __main__:generate_messages:79 - Sent message to topic 'buzzline': Streaming data is fun.
2025-01-23 15:07:16.099 | INFO     | __main__:process_message:62 - Processing message: Streaming data is fun.
2025-01-23 15:07:16.980 | INFO     | __main__:generate_messages:77 - Generated buzz: This is a buzz message.
2025-01-23 15:07:16.983 | INFO     | __main__:generate_messages:79 - Sent message to topic 'buzzline': This is a buzz message.
2025-01-23 15:07:16.993 | INFO     | __main__:process_message:62 - Processing message: This is a buzz message.
2025-01-23 15:07:17.987 | INFO     | __main__:generate_messages:77 - Generated buzz: Have a great day!
2025-01-23 15:07:17.988 | INFO     | __main__:generate_messages:79 - Sent message to topic 'buzzline': Have a great day!
2025-01-23 15:07:17.992 | INFO     | __main__:process_message:62 - Processing message: Have a great day!
2025-01-23 15:07:18.990 | INFO     | __main__:generate_messages:77 - Generated buzz: I love Python!
2025-01-23 15:07:18.991 | INFO     | __main__:generate_messages:79 - Sent message to topic 'buzzline': I love Python!
2025-01-23 15:07:18.996 | INFO     | __main__:process_message:62 - Processing message: I love Python!
2025-01-23 15:07:19.993 | INFO     | __main__:generate_messages:77 - Generated buzz: Kafka is awesome.
2025-01-23 15:07:19.994 | INFO     | __main__:generate_messages:79 - Sent message to topic 'buzzline': Kafka is awesome.
2025-01-23 15:07:19.998 | INFO     | __main__:process_message:62 - Processing message: Kafka is awesome.
2025-01-23 15:07:20.996 | INFO     | __main__:generate_messages:77 - Generated buzz: Streaming data is fun.
2025-01-23 15:07:20.997 | INFO     | __main__:generate_messages:79 - Sent message to topic 'buzzline': Streaming data is fun.
2025-01-23 15:07:21.002 | INFO     | __main__:process_message:62 - Processing message: Streaming data is fun.
2025-01-23 15:07:21.998 | INFO     | __main__:generate_messages:77 - Generated buzz: This is a buzz message.
2025-01-23 15:07:22.002 | INFO     | __main__:generate_messages:79 - Sent message to topic 'buzzline': This is a buzz message.
2025-01-23 15:07:22.013 | INFO     | __main__:process_message:62 - Processing message: This is a buzz message.
2025-01-23 15:07:23.006 | INFO     | __main__:generate_messages:77 - Generated buzz: Have a great day!
2025-01-23 15:07:23.009 | INFO     | __main__:generate_messages:79 - Sent message to topic 'buzzline': Have a great day!
2025-01-23 15:07:23.018 | INFO     | __main__:process_message:62 - Processing message: Have a great day!
2025-01-23 15:07:24.011 | INFO     | __main__:generate_messages:77 - Generated buzz: I love Python!
2025-01-23 15:07:24.012 | INFO     | __main__:generate_messages:79 - Sent message to topic 'buzzline': I love Python!
2025-01-23 15:07:24.017 | INFO     | __main__:process_message:62 - Processing message: I love Python!
2025-01-23 15:07:25.013 | INFO     | __main__:generate_messages:77 - Generated buzz: Kafka is awesome.
2025-01-23 15:07:25.016 | INFO     | __main__:generate_messages:79 - Sent message to topic 'buzzline': Kafka is awesome.
2025-01-23 15:07:25.024 | INFO     | __main__:process_message:62 - Processing message: Kafka is awesome.
2025-01-23 15:07:26.018 | INFO     | __main__:generate_messages:77 - Generated buzz: Streaming data is fun.
2025-01-23 15:07:26.019 | INFO     | __main__:generate_messages:79 - Sent message to topic 'buzzline': Streaming data is fun.
2025-01-23 15:07:26.026 | INFO     | __main__:process_message:62 - Processing message: Streaming data is fun.
2025-01-23 15:07:27.021 | INFO     | __main__:generate_messages:77 - Generated buzz: This is a buzz message.
2025-01-23 15:07:27.023 | INFO     | __main__:generate_messages:79 - Sent message to topic 'buzzline': This is a buzz message.
2025-01-23 15:07:27.031 | INFO     | __main__:process_message:62 - Processing message: This is a buzz message.
2025-01-23 15:07:28.025 | INFO     | __main__:generate_messages:77 - Generated buzz: Have a great day!
2025-01-23 15:07:28.026 | INFO     | __main__:generate_messages:79 - Sent message to topic 'buzzline': Have a great day!
2025-01-23 15:07:28.032 | INFO     | __main__:process_message:62 - Processing message: Have a great day!
2025-01-23 15:07:29.028 | INFO     | __main__:generate_messages:77 - Generated buzz: I love Python!
2025-01-23 15:07:29.030 | INFO     | __main__:generate_messages:79 - Sent message to topic 'buzzline': I love Python!
2025-01-23 15:07:29.035 | INFO     | __main__:process_message:62 - Processing message: I love Python!
2025-01-23 15:07:30.032 | INFO     | __main__:generate_messages:77 - Generated buzz: Kafka is awesome.
2025-01-23 15:07:30.034 | INFO     | __main__:generate_messages:79 - Sent message to topic 'buzzline': Kafka is awesome.
2025-01-23 15:07:30.040 | INFO     | __main__:process_message:62 - Processing message: Kafka is awesome.
2025-01-23 15:07:31.036 | INFO     | __main__:generate_messages:77 - Generated buzz: Streaming data is fun.
2025-01-23 15:07:31.038 | INFO     | __main__:generate_messages:79 - Sent message to topic 'buzzline': Streaming data is fun.
2025-01-23 15:07:31.050 | INFO     | __main__:process_message:62 - Processing message: Streaming data is fun.
2025-01-23 15:07:32.043 | INFO     | __main__:generate_messages:77 - Generated buzz: This is a buzz message.
2025-01-23 15:07:32.055 | INFO     | __main__:generate_messages:79 - Sent message to topic 'buzzline': This is a buzz message.
2025-01-23 15:07:32.120 | INFO     | __main__:process_message:62 - Processing message: This is a buzz message.
2025-01-23 15:07:33.070 | INFO     | __main__:generate_messages:77 - Generated buzz: Have a great day!
2025-01-23 15:07:33.070 | INFO     | __main__:generate_messages:79 - Sent message to topic 'buzzline': Have a great day!
2025-01-23 15:07:33.074 | INFO     | __main__:process_message:62 - Processing message: Have a great day!
2025-01-23 15:07:34.072 | INFO     | __main__:generate_messages:77 - Generated buzz: I love Python!
2025-01-23 15:07:34.073 | INFO     | __main__:generate_messages:79 - Sent message to topic 'buzzline': I love Python!
2025-01-23 15:07:34.079 | INFO     | __main__:process_message:62 - Processing message: I love Python!
2025-01-23 15:07:35.075 | INFO     | __main__:generate_messages:77 - Generated buzz: Kafka is awesome.
2025-01-23 15:07:35.077 | INFO     | __main__:generate_messages:79 - Sent message to topic 'buzzline': Kafka is awesome.
2025-01-23 15:07:35.090 | INFO     | __main__:process_message:62 - Processing message: Kafka is awesome.
2025-01-23 15:07:36.080 | INFO     | __main__:generate_messages:77 - Generated buzz: Streaming data is fun.
2025-01-23 15:07:36.082 | INFO     | __main__:generate_messages:79 - Sent message to topic 'buzzline': Streaming data is fun.
2025-01-23 15:07:36.087 | INFO     | __main__:process_message:62 - Processing message: Streaming data is fun.
2025-01-23 15:07:37.083 | INFO     | __main__:generate_messages:77 - Generated buzz: This is a buzz message.
2025-01-23 15:07:37.085 | INFO     | __main__:generate_messages:79 - Sent message to topic 'buzzline': This is a buzz message.
2025-01-23 15:07:37.092 | INFO     | __main__:process_message:62 - Processing message: This is a buzz message.
2025-01-23 15:07:38.087 | INFO     | __main__:generate_messages:77 - Generated buzz: Have a great day!
2025-01-23 15:07:38.090 | INFO     | __main__:generate_messages:79 - Sent message to topic 'buzzline': Have a great day!
2025-01-23 15:07:38.096 | INFO     | __main__:process_message:62 - Processing message: Have a great day!
2025-01-23 15:07:39.092 | INFO     | __main__:generate_messages:77 - Generated buzz: I love Python!
2025-01-23 15:07:39.093 | INFO     | __main__:generate_messages:79 - Sent message to topic 'buzzline': I love Python!
2025-01-23 15:07:39.101 | INFO     | __main__:process_message:62 - Processing message: I love Python!
2025-01-23 15:07:40.095 | INFO     | __main__:generate_messages:77 - Generated buzz: Kafka is awesome.
2025-01-23 15:07:40.097 | INFO     | __main__:generate_messages:79 - Sent message to topic 'buzzline': Kafka is awesome.
2025-01-23 15:07:40.102 | INFO     | __main__:process_message:62 - Processing message: Kafka is awesome.
2025-01-23 15:07:41.099 | INFO     | __main__:generate_messages:77 - Generated buzz: Streaming data is fun.
2025-01-23 15:07:41.100 | INFO     | __main__:generate_messages:79 - Sent message to topic 'buzzline': Streaming data is fun.
2025-01-23 15:07:41.110 | INFO     | __main__:process_message:62 - Processing message: Streaming data is fun.
2025-01-23 15:07:42.102 | INFO     | __main__:generate_messages:77 - Generated buzz: This is a buzz message.
2025-01-23 15:07:42.105 | INFO     | __main__:generate_messages:79 - Sent message to topic 'buzzline': This is a buzz message.
2025-01-23 15:07:42.116 | INFO     | __main__:process_message:62 - Processing message: This is a buzz message.
2025-01-23 15:07:43.109 | INFO     | __main__:generate_messages:77 - Generated buzz: Have a great day!
2025-01-23 15:07:43.110 | INFO     | __main__:generate_messages:79 - Sent message to topic 'buzzline': Have a great day!
2025-01-23 15:07:43.116 | INFO     | __main__:process_message:62 - Processing message: Have a great day!
2025-01-23 15:07:44.112 | INFO     | __main__:generate_messages:77 - Generated buzz: I love Python!
2025-01-23 15:07:44.115 | INFO     | __main__:generate_messages:79 - Sent message to topic 'buzzline': I love Python!
2025-01-23 15:07:44.122 | INFO     | __main__:process_message:62 - Processing message: I love Python!
2025-01-23 15:07:45.117 | INFO     | __main__:generate_messages:77 - Generated buzz: Kafka is awesome.
2025-01-23 15:07:45.121 | INFO     | __main__:generate_messages:79 - Sent message to topic 'buzzline': Kafka is awesome.
2025-01-23 15:07:45.131 | INFO     | __main__:process_message:62 - Processing message: Kafka is awesome.
2025-01-23 15:07:46.124 | INFO     | __main__:generate_messages:77 - Generated buzz: Streaming data is fun.
2025-01-23 15:07:46.125 | INFO     | __main__:generate_messages:79 - Sent message to topic 'buzzline': Streaming data is fun.
2025-01-23 15:07:46.132 | INFO     | __main__:process_message:62 - Processing message: Streaming data is fun.
2025-01-23 15:07:47.128 | INFO     | __main__:generate_messages:77 - Generated buzz: This is a buzz message.
2025-01-23 15:07:47.129 | INFO     | __main__:generate_messages:79 - Sent message to topic 'buzzline': This is a buzz message.
2025-01-23 15:07:47.136 | INFO     | __main__:process_message:62 - Processing message: This is a buzz message.
2025-01-23 15:07:48.132 | INFO     | __main__:generate_messages:77 - Generated buzz: Have a great day!
2025-01-23 15:07:48.135 | INFO     | __main__:generate_messages:79 - Sent message to topic 'buzzline': Have a great day!
2025-01-23 15:07:48.142 | INFO     | __main__:process_message:62 - Processing message: Have a great day!
2025-01-23 15:07:49.136 | INFO     | __main__:generate_messages:77 - Generated buzz: I love Python!
2025-01-23 15:07:49.137 | INFO     | __main__:generate_messages:79 - Sent message to topic 'buzzline': I love Python!
2025-01-23 15:07:49.141 | INFO     | __main__:process_message:62 - Processing message: I love Python!
2025-01-23 15:07:50.139 | INFO     | __main__:generate_messages:77 - Generated buzz: Kafka is awesome.
2025-01-23 15:07:50.142 | INFO     | __main__:generate_messages:79 - Sent message to topic 'buzzline': Kafka is awesome.
2025-01-23 15:07:50.150 | INFO     | __main__:process_message:62 - Processing message: Kafka is awesome.
2025-01-23 15:07:51.144 | INFO     | __main__:generate_messages:77 - Generated buzz: Streaming data is fun.
2025-01-23 15:07:51.145 | INFO     | __main__:generate_messages:79 - Sent message to topic 'buzzline': Streaming data is fun.
2025-01-23 15:07:51.148 | INFO     | __main__:process_message:62 - Processing message: Streaming data is fun.
2025-01-23 15:07:52.146 | INFO     | __main__:generate_messages:77 - Generated buzz: This is a buzz message.
2025-01-23 15:07:52.147 | INFO     | __main__:generate_messages:79 - Sent message to topic 'buzzline': This is a buzz message.
2025-01-23 15:07:52.150 | INFO     | __main__:process_message:62 - Processing message: This is a buzz message.
2025-01-23 15:07:53.149 | INFO     | __main__:generate_messages:77 - Generated buzz: Have a great day!
2025-01-23 15:07:53.150 | INFO     | __main__:generate_messages:79 - Sent message to topic 'buzzline': Have a great day!
2025-01-23 15:07:53.155 | INFO     | __main__:process_message:62 - Processing message: Have a great day!
2025-01-23 15:07:54.152 | INFO     | __main__:generate_messages:77 - Generated buzz: I love Python!
2025-01-23 15:07:54.157 | INFO     | __main__:generate_messages:79 - Sent message to topic 'buzzline': I love Python!
2025-01-23 15:07:54.169 | INFO     | __main__:process_message:62 - Processing message: I love Python!
2025-01-23 15:07:55.159 | INFO     | __main__:generate_messages:77 - Generated buzz: Kafka is awesome.
2025-01-23 15:07:55.160 | INFO     | __main__:generate_messages:79 - Sent message to topic 'buzzline': Kafka is awesome.
2025-01-23 15:07:55.164 | INFO     | __main__:process_message:62 - Processing message: Kafka is awesome.
2025-01-23 15:07:56.161 | INFO     | __main__:generate_messages:77 - Generated buzz: Streaming data is fun.
2025-01-23 15:07:56.163 | INFO     | __main__:generate_messages:79 - Sent message to topic 'buzzline': Streaming data is fun.
2025-01-23 15:07:56.172 | INFO     | __main__:process_message:62 - Processing message: Streaming data is fun.
2025-01-23 15:07:57.166 | INFO     | __main__:generate_messages:77 - Generated buzz: This is a buzz message.
2025-01-23 15:07:57.167 | INFO     | __main__:generate_messages:79 - Sent message to topic 'buzzline': This is a buzz message.
2025-01-23 15:07:57.173 | INFO     | __main__:process_message:62 - Processing message: This is a buzz message.
2025-01-23 15:07:58.169 | INFO     | __main__:generate_messages:77 - Generated buzz: Have a great day!
2025-01-23 15:07:58.171 | INFO     | __main__:generate_messages:79 - Sent message to topic 'buzzline': Have a great day!
2025-01-23 15:07:58.182 | INFO     | __main__:process_message:62 - Processing message: Have a great day!
2025-01-23 15:07:59.173 | INFO     | __main__:generate_messages:77 - Generated buzz: I love Python!
2025-01-23 15:07:59.174 | INFO     | __main__:generate_messages:79 - Sent message to topic 'buzzline': I love Python!
2025-01-23 15:07:59.179 | INFO     | __main__:process_message:62 - Processing message: I love Python!
2025-01-23 15:08:00.176 | INFO     | __main__:generate_messages:77 - Generated buzz: Kafka is awesome.
2025-01-23 15:08:00.177 | INFO     | __main__:generate_messages:79 - Sent message to topic 'buzzline': Kafka is awesome.
2025-01-23 15:08:00.182 | INFO     | __main__:process_message:62 - Processing message: Kafka is awesome.
2025-01-23 15:08:01.179 | INFO     | __main__:generate_messages:77 - Generated buzz: Streaming data is fun.
2025-01-23 15:08:01.181 | INFO     | __main__:generate_messages:79 - Sent message to topic 'buzzline': Streaming data is fun.
2025-01-23 15:08:01.186 | INFO     | __main__:process_message:62 - Processing message: Streaming data is fun.
2025-01-23 15:08:02.185 | INFO     | __main__:generate_messages:77 - Generated buzz: This is a buzz message.
2025-01-23 15:08:02.222 | INFO     | __main__:generate_messages:79 - Sent message to topic 'buzzline': This is a buzz message.
2025-01-23 15:08:02.230 | INFO     | __main__:process_message:62 - Processing message: This is a buzz message.
2025-01-23 15:08:03.224 | INFO     | __main__:generate_messages:77 - Generated buzz: Have a great day!
2025-01-23 15:08:03.226 | INFO     | __main__:generate_messages:79 - Sent message to topic 'buzzline': Have a great day!
2025-01-23 15:08:03.233 | INFO     | __main__:process_message:62 - Processing message: Have a great day!
2025-01-23 15:08:04.229 | INFO     | __main__:generate_messages:77 - Generated buzz: I love Python!
2025-01-23 15:08:04.230 | INFO     | __main__:generate_messages:79 - Sent message to topic 'buzzline': I love Python!
2025-01-23 15:08:04.239 | INFO     | __main__:process_message:62 - Processing message: I love Python!
2025-01-23 15:08:05.232 | INFO     | __main__:generate_messages:77 - Generated buzz: Kafka is awesome.
2025-01-23 15:08:05.233 | INFO     | __main__:generate_messages:79 - Sent message to topic 'buzzline': Kafka is awesome.
2025-01-23 15:08:05.237 | INFO     | __main__:process_message:62 - Processing message: Kafka is awesome.
2025-01-23 15:08:06.235 | INFO     | __main__:generate_messages:77 - Generated buzz: Streaming data is fun.
2025-01-23 15:08:06.236 | INFO     | __main__:generate_messages:79 - Sent message to topic 'buzzline': Streaming data is fun.
2025-01-23 15:08:06.239 | INFO     | __main__:process_message:62 - Processing message: Streaming data is fun.
2025-01-23 15:08:07.238 | INFO     | __main__:generate_messages:77 - Generated buzz: This is a buzz message.
2025-01-23 15:08:07.241 | INFO     | __main__:generate_messages:79 - Sent message to topic 'buzzline': This is a buzz message.
2025-01-23 15:08:07.250 | INFO     | __main__:process_message:62 - Processing message: This is a buzz message.
2025-01-23 15:08:08.243 | INFO     | __main__:generate_messages:77 - Generated buzz: Have a great day!
2025-01-23 15:08:08.246 | INFO     | __main__:generate_messages:79 - Sent message to topic 'buzzline': Have a great day!
2025-01-23 15:08:08.253 | INFO     | __main__:process_message:62 - Processing message: Have a great day!
2025-01-23 15:08:09.249 | INFO     | __main__:generate_messages:77 - Generated buzz: I love Python!
2025-01-23 15:08:09.252 | INFO     | __main__:generate_messages:79 - Sent message to topic 'buzzline': I love Python!
2025-01-23 15:08:09.264 | INFO     | __main__:process_message:62 - Processing message: I love Python!
2025-01-23 15:08:10.257 | INFO     | __main__:generate_messages:77 - Generated buzz: Kafka is awesome.
2025-01-23 15:08:10.259 | INFO     | __main__:generate_messages:79 - Sent message to topic 'buzzline': Kafka is awesome.
2025-01-23 15:08:10.263 | INFO     | __main__:process_message:62 - Processing message: Kafka is awesome.
2025-01-23 15:08:11.260 | INFO     | __main__:generate_messages:77 - Generated buzz: Streaming data is fun.
2025-01-23 15:08:11.261 | INFO     | __main__:generate_messages:79 - Sent message to topic 'buzzline': Streaming data is fun.
2025-01-23 15:08:11.265 | INFO     | __main__:process_message:62 - Processing message: Streaming data is fun.
2025-01-23 15:08:12.263 | INFO     | __main__:generate_messages:77 - Generated buzz: This is a buzz message.
2025-01-23 15:08:12.264 | INFO     | __main__:generate_messages:79 - Sent message to topic 'buzzline': This is a buzz message.
2025-01-23 15:08:12.270 | INFO     | __main__:process_message:62 - Processing message: This is a buzz message.
2025-01-23 15:08:12.775 | WARNING  | __main__:main:96 - Consumer interrupted by user.
2025-01-23 15:08:12.803 | INFO     | __main__:main:101 - Kafka consumer for topic 'buzzline' closed.
2025-01-23 15:08:12.805 | INFO     | __main__:main:103 - END consumer for topic 'buzzline' and group 'default_group'.
2025-01-23 15:08:13.266 | INFO     | __main__:generate_messages:77 - Generated buzz: Have a great day!
2025-01-23 15:08:13.266 | INFO     | __main__:generate_messages:79 - Sent message to topic 'buzzline': Have a great day!
2025-01-23 15:08:14.268 | INFO     | __main__:generate_messages:77 - Generated buzz: I love Python!
2025-01-23 15:08:14.269 | INFO     | __main__:generate_messages:79 - Sent message to topic 'buzzline': I love Python!
2025-01-23 15:08:15.270 | INFO     | __main__:generate_messages:77 - Generated buzz: Kafka is awesome.
2025-01-23 15:08:15.273 | INFO     | __main__:generate_messages:79 - Sent message to topic 'buzzline': Kafka is awesome.
2025-01-23 15:08:16.176 | WARNING  | __main__:generate_messages:82 - Producer interrupted by user.
2025-01-23 15:08:16.182 | INFO     | __main__:generate_messages:87 - Kafka producer closed.
2025-01-23 15:08:16.184 | INFO     | __main__:main:128 - END producer.
